  0.0000000E+00
  0.3699360E-02
  0.7398658E-02
  0.1109798E-01
  0.1479727E-01
  0.1849651E-01
  0.2219563E-01
  0.2589474E-01
  0.2959375E-01
  0.3329262E-01
  0.3699142E-01
  0.4069011E-01
  0.4438861E-01
  0.4808701E-01
  0.5178525E-01
  0.5548332E-01
  0.5918115E-01
  0.6287884E-01
  0.6657632E-01
  0.7027353E-01
  0.7397056E-01
  0.7766734E-01
  0.8136385E-01
  0.8506005E-01
  0.8875602E-01
  0.9245169E-01
  0.9614700E-01
  0.9984205E-01
  0.1035368E+00
  0.1072311E+00
  0.1109251E+00
  0.1146187E+00
  0.1183120E+00
  0.1220048E+00
  0.1256973E+00
  0.1293893E+00
  0.1330809E+00
  0.1367721E+00
  0.1404628E+00
  0.1441531E+00
  0.1478428E+00
  0.1515321E+00
  0.1552208E+00
  0.1589090E+00
  0.1625968E+00
  0.1662840E+00
  0.1699706E+00
  0.1736566E+00
  0.1773421E+00
  0.1810270E+00
  0.1847113E+00
  0.1883950E+00
  0.1920780E+00
  0.1957604E+00
  0.1994422E+00
  0.2031233E+00
  0.2068037E+00
  0.2104834E+00
  0.2141625E+00
  0.2178408E+00
  0.2215184E+00
  0.2251952E+00
  0.2288713E+00
  0.2325467E+00
  0.2362212E+00
  0.2398950E+00
  0.2435680E+00
  0.2472401E+00
  0.2509115E+00
  0.2545820E+00
  0.2582517E+00
  0.2619205E+00
  0.2655884E+00
  0.2692555E+00
  0.2729216E+00
  0.2765869E+00
  0.2802512E+00
  0.2839145E+00
  0.2875770E+00
  0.2912385E+00
  0.2948990E+00
  0.2985585E+00
  0.3022170E+00
  0.3058746E+00
  0.3095310E+00
  0.3131865E+00
  0.3168409E+00
  0.3204943E+00
  0.3241466E+00
  0.3277978E+00
  0.3314480E+00
  0.3350969E+00
  0.3387448E+00
  0.3423916E+00
  0.3460372E+00
  0.3496817E+00
  0.3533250E+00
  0.3569671E+00
  0.3606080E+00
  0.3642478E+00
  0.3678863E+00
  0.3715235E+00
  0.3751596E+00
  0.3787944E+00
  0.3824279E+00
  0.3860601E+00
  0.3896911E+00
  0.3933207E+00
  0.3969490E+00
  0.4005761E+00
  0.4042017E+00
  0.4078261E+00
  0.4114490E+00
  0.4150706E+00
  0.4186907E+00
  0.4223095E+00
  0.4259269E+00
  0.4295428E+00
  0.4331573E+00
  0.4367704E+00
  0.4403820E+00
  0.4439921E+00
  0.4476007E+00
  0.4512078E+00
  0.4548135E+00
  0.4584175E+00
  0.4620201E+00
  0.4656211E+00
  0.4692206E+00
  0.4728184E+00
  0.4764147E+00
  0.4800094E+00
  0.4836025E+00
  0.4871939E+00
  0.4907838E+00
  0.4943719E+00
  0.4979584E+00
  0.5015433E+00
  0.5051264E+00
  0.5087079E+00
  0.5122877E+00
  0.5158657E+00
  0.5194420E+00
  0.5230165E+00
  0.5265894E+00
  0.5301604E+00
  0.5337296E+00
  0.5372971E+00
  0.5408627E+00
  0.5444265E+00
  0.5479885E+00
  0.5515487E+00
  0.5551070E+00
  0.5586634E+00
  0.5622180E+00
  0.5657706E+00
  0.5693214E+00
  0.5728702E+00
  0.5764171E+00
  0.5799620E+00
  0.5835051E+00
  0.5870461E+00
  0.5905852E+00
  0.5941222E+00
  0.5976573E+00
  0.5976573E+00
  0.6032623E+00
  0.6088811E+00
  0.6145125E+00
  0.6201558E+00
  0.6258100E+00
  0.6314744E+00
  0.6371482E+00
  0.6428307E+00
  0.6485212E+00
  0.6542190E+00
  0.6599235E+00
  0.6656340E+00
  0.6713500E+00
  0.6770711E+00
  0.6827964E+00
  0.6885257E+00
  0.6942584E+00
  0.6999940E+00
  0.7057321E+00
  0.7114722E+00
  0.7172139E+00
  0.7229568E+00
  0.7287006E+00
  0.7344448E+00
  0.7401891E+00
  0.7459331E+00
  0.7516765E+00
  0.7574190E+00
  0.7631601E+00
  0.7688998E+00
  0.7746375E+00
  0.7803731E+00
  0.7861063E+00
  0.7918368E+00
  0.7975643E+00
  0.8032885E+00
  0.8090093E+00
  0.8147264E+00
  0.8204394E+00
  0.8261483E+00
  0.8318528E+00
  0.8375526E+00
  0.8432475E+00
  0.8489374E+00
  0.8546220E+00
  0.8603011E+00
  0.8659745E+00
  0.8716420E+00
  0.8773035E+00
  0.8829587E+00
  0.8886074E+00
  0.8942496E+00
  0.8998849E+00
  0.9055133E+00
  0.9111345E+00
  0.9167484E+00
  0.9223549E+00
  0.9279537E+00
  0.9335447E+00
  0.9391277E+00
  0.9447027E+00
  0.9502693E+00
  0.9558275E+00
  0.9613772E+00
  0.9669181E+00
  0.9724502E+00
  0.9779733E+00
  0.9834871E+00
  0.9889917E+00
  0.9944868E+00
  0.9999724E+00
  0.1005448E+01
  0.1010914E+01
  0.1016370E+01
  0.1021816E+01
  0.1027252E+01
  0.1032677E+01
  0.1038091E+01
  0.1043495E+01
  0.1048889E+01
  0.1054271E+01
  0.1059642E+01
  0.1065002E+01
  0.1070351E+01
  0.1075688E+01
  0.1081014E+01
  0.1086328E+01
  0.1091630E+01
  0.1096921E+01
  0.1102199E+01
  0.1107465E+01
  0.1112719E+01
  0.1117960E+01
  0.1123189E+01
  0.1128405E+01
  0.1133608E+01
  0.1138799E+01
  0.1143976E+01
  0.1149141E+01
  0.1154292E+01
  0.1159429E+01
  0.1164553E+01
  0.1169664E+01
  0.1174760E+01
  0.1179843E+01
  0.1184912E+01
  0.1189967E+01
  0.1195007E+01
  0.1200033E+01
  0.1205045E+01
  0.1210042E+01
  0.1215025E+01
  0.1219992E+01
  0.1224945E+01
  0.1229883E+01
  0.1234805E+01
  0.1239712E+01
  0.1244604E+01
  0.1249480E+01
  0.1254341E+01
  0.1259185E+01
  0.1264014E+01
  0.1268827E+01
  0.1273624E+01
  0.1278405E+01
  0.1283169E+01
  0.1287916E+01
  0.1292648E+01
  0.1297362E+01
  0.1302060E+01
  0.1306740E+01
  0.1311404E+01
  0.1316050E+01
  0.1320679E+01
  0.1325291E+01
  0.1329885E+01
  0.1334461E+01
  0.1339020E+01
  0.1343561E+01
  0.1348084E+01
  0.1352588E+01
  0.1357075E+01
  0.1361542E+01
  0.1365992E+01
  0.1370423E+01
  0.1374835E+01
  0.1379228E+01
  0.1383602E+01
  0.1387957E+01
  0.1392293E+01
  0.1396609E+01
  0.1400906E+01
  0.1405184E+01
  0.1409441E+01
  0.1413679E+01
  0.1417897E+01
  0.1422095E+01
  0.1426272E+01
  0.1430429E+01
  0.1434566E+01
  0.1438682E+01
  0.1442778E+01
  0.1446852E+01
  0.1450906E+01
  0.1450906E+01
  0.1449661E+01
  0.1448427E+01
  0.1447205E+01
  0.1445994E+01
  0.1444794E+01
  0.1443606E+01
  0.1442429E+01
  0.1441263E+01
  0.1440107E+01
  0.1438963E+01
  0.1437829E+01
  0.1436706E+01
  0.1435593E+01
  0.1434491E+01
  0.1433400E+01
  0.1432319E+01
  0.1431248E+01
  0.1430187E+01
  0.1429136E+01
  0.1428096E+01
  0.1427065E+01
  0.1426044E+01
  0.1425033E+01
  0.1424032E+01
  0.1424032E+01
  0.1422892E+01
  0.1421765E+01
  0.1420650E+01
  0.1419548E+01
  0.1418458E+01
  0.1417381E+01
  0.1416315E+01
  0.1415262E+01
  0.1414220E+01
  0.1413190E+01
  0.1412172E+01
  0.1411166E+01
  0.1410171E+01
  0.1409188E+01
  0.1408215E+01
  0.1407254E+01
  0.1406305E+01
  0.1405366E+01
  0.1404438E+01
  0.1403521E+01
  0.1402614E+01
  0.1401718E+01
  0.1400833E+01
  0.1399959E+01
  0.1399094E+01
  0.1398240E+01
  0.1397396E+01
  0.1396563E+01
  0.1395739E+01
  0.1394925E+01
  0.1394121E+01
  0.1393327E+01
  0.1392542E+01
  0.1391767E+01
  0.1391002E+01
  0.1390246E+01
  0.1389499E+01
  0.1388762E+01
  0.1388034E+01
  0.1387315E+01
  0.1386605E+01
  0.1385904E+01
  0.1385212E+01
  0.1384528E+01
  0.1383854E+01
  0.1383188E+01
  0.1382530E+01
  0.1381881E+01
  0.1381241E+01
  0.1380609E+01
  0.1379985E+01
  0.1379370E+01
  0.1378762E+01
  0.1378163E+01
  0.1377572E+01
  0.1376988E+01
  0.1376413E+01
  0.1375845E+01
  0.1375286E+01
  0.1374733E+01
  0.1374189E+01
  0.1373652E+01
  0.1373122E+01
  0.1372600E+01
  0.1372085E+01
  0.1371578E+01
  0.1371078E+01
  0.1370585E+01
  0.1370099E+01
  0.1369620E+01
  0.1369148E+01
  0.1368683E+01
  0.1368225E+01
  0.1367774E+01
  0.1367329E+01
  0.1366892E+01
  0.1366460E+01
  0.1366036E+01
  0.1365618E+01
  0.1365206E+01
  0.1364801E+01
  0.1364402E+01
  0.1364010E+01
  0.1363624E+01
  0.1363244E+01
  0.1362870E+01
  0.1362502E+01
  0.1362140E+01
  0.1361785E+01
  0.1361435E+01
  0.1361091E+01
  0.1360753E+01
  0.1360420E+01
  0.1360094E+01
  0.1359773E+01
  0.1359458E+01
  0.1359148E+01
  0.1358844E+01
  0.1358545E+01
  0.1358252E+01
  0.1357964E+01
  0.1357682E+01
  0.1357405E+01
  0.1357133E+01
  0.1356866E+01
  0.1356605E+01
  0.1356349E+01
  0.1356097E+01
  0.1355851E+01
  0.1355610E+01
  0.1355373E+01
  0.1355142E+01
  0.1354915E+01
  0.1354694E+01
  0.1354477E+01
  0.1354264E+01
  0.1354057E+01
  0.1353854E+01
  0.1353655E+01
  0.1353462E+01
  0.1353272E+01
  0.1353088E+01
  0.1352907E+01
  0.1352731E+01
  0.1352560E+01
  0.1352392E+01
  0.1352229E+01
  0.1352071E+01
  0.1351916E+01
  0.1351766E+01
  0.1351620E+01
  0.1351477E+01
  0.1351339E+01
  0.1351205E+01
  0.1351075E+01
  0.1350949E+01
  0.1350827E+01
  0.1350708E+01
  0.1350594E+01
  0.1350483E+01
  0.1350376E+01
  0.1350273E+01
  0.1350173E+01
  0.1350077E+01
  0.1349985E+01
  0.1349896E+01
  0.1349811E+01
  0.1349729E+01
  0.1349651E+01
  0.1349576E+01
  0.1349505E+01
  0.1349437E+01
  0.1349373E+01
  0.1349312E+01
  0.1349254E+01
  0.1349199E+01
  0.1349147E+01
  0.1349099E+01
  0.1349054E+01
  0.1349012E+01
  0.1348973E+01
  0.1348937E+01
  0.1348905E+01
  0.1348875E+01
  0.1348848E+01
  0.1348824E+01
  0.1348803E+01
  0.1348785E+01
  0.1348770E+01
  0.1348758E+01
  0.1348748E+01
  0.1348742E+01
  0.1348738E+01
  0.1348736E+01
  0.1348738E+01
  0.1348742E+01
  0.1348748E+01
  0.1348758E+01
  0.1348769E+01
  0.1348784E+01
  0.1348801E+01
  0.1348820E+01
  0.1348842E+01
  0.1348866E+01
  0.1348893E+01
  0.1348922E+01
  0.1348953E+01
  0.1348987E+01
  0.1349023E+01
  0.1349061E+01
  0.1349102E+01
  0.1349145E+01
  0.1349190E+01
  0.1349237E+01
  0.1349286E+01
  0.1349338E+01
  0.1349391E+01
  0.1349447E+01
  0.1349505E+01
  0.1349564E+01
  0.1349626E+01
  0.1349690E+01
  0.1349755E+01
  0.1349823E+01
  0.1349893E+01
  0.1349964E+01
  0.1350037E+01
  0.1350112E+01
  0.1350189E+01
  0.1350268E+01
  0.1350348E+01
  0.1350430E+01
  0.1350514E+01
  0.1350599E+01
  0.1350687E+01
  0.1350776E+01
  0.1350866E+01
  0.1350958E+01
  0.1351052E+01
  0.1351147E+01
  0.1351244E+01
  0.1351342E+01
  0.1351442E+01
  0.1351543E+01
  0.1351646E+01
  0.1351750E+01
  0.1351856E+01
  0.1351963E+01
  0.1352071E+01
  0.1352180E+01
  0.1352291E+01
  0.1352404E+01
  0.1352517E+01
  0.1352632E+01
  0.1352748E+01
  0.1352865E+01
  0.1352984E+01
  0.1353103E+01
  0.1353224E+01
  0.1353346E+01
  0.1353469E+01
  0.1353594E+01
  0.1353719E+01
  0.1353845E+01
  0.1353972E+01
  0.1354101E+01
  0.1354230E+01
  0.1354361E+01
  0.1354492E+01
  0.1354624E+01
  0.1354757E+01
  0.1354891E+01
  0.1355026E+01
  0.1355162E+01
  0.1355299E+01
  0.1355437E+01
  0.1355575E+01
  0.1355714E+01
  0.1355854E+01
  0.1355995E+01
  0.1356136E+01
  0.1356278E+01
  0.1356421E+01
  0.1356565E+01
  0.1356709E+01
  0.1356854E+01
  0.1356999E+01
  0.1357145E+01
  0.1357292E+01
  0.1357439E+01
  0.1357587E+01
  0.1357735E+01
  0.1357884E+01
  0.1358034E+01
  0.1358034E+01
  0.1358145E+01
  0.1358256E+01
  0.1358367E+01
  0.1358478E+01
  0.1358590E+01
  0.1358702E+01
  0.1358815E+01
  0.1358927E+01
  0.1359040E+01
  0.1359153E+01
  0.1359266E+01
  0.1359379E+01
  0.1359493E+01
  0.1359606E+01
  0.1359720E+01
  0.1359834E+01
  0.1359948E+01
  0.1360062E+01
  0.1360177E+01
  0.1360177E+01
  0.1360002E+01
  0.1359832E+01
  0.1359665E+01
  0.1359502E+01
  0.1359343E+01
  0.1359188E+01
  0.1359036E+01
  0.1358889E+01
  0.1358745E+01
  0.1358745E+01
  0.1358636E+01
  0.1358526E+01
  0.1358414E+01
  0.1358300E+01
  0.1358183E+01
  0.1358065E+01
  0.1357945E+01
  0.1357823E+01
  0.1357700E+01
  0.1357574E+01
  0.1357446E+01
  0.1357316E+01
  0.1357185E+01
  0.1357051E+01
  0.1356915E+01
  0.1356778E+01
  0.1356638E+01
  0.1356497E+01
  0.1356354E+01
  0.1356208E+01
  0.1356061E+01
  0.1355912E+01
  0.1355760E+01
  0.1355607E+01
  0.1355452E+01
  0.1355295E+01
  0.1355136E+01
  0.1354974E+01
  0.1354811E+01
  0.1354646E+01
  0.1354479E+01
  0.1354310E+01
  0.1354139E+01
  0.1353966E+01
  0.1353966E+01
  0.1353761E+01
  0.1353556E+01
  0.1353352E+01
  0.1353149E+01
  0.1352945E+01
  0.1352743E+01
  0.1352540E+01
  0.1352338E+01
  0.1352136E+01
  0.1351935E+01
  0.1351734E+01
  0.1351534E+01
  0.1351333E+01
  0.1351134E+01
  0.1350934E+01
  0.1350735E+01
  0.1350537E+01
  0.1350338E+01
  0.1350141E+01
  0.1349943E+01
  0.1349746E+01
  0.1349549E+01
  0.1349353E+01
  0.1349157E+01
  0.1348961E+01
  0.1348765E+01
  0.1348570E+01
  0.1348376E+01
  0.1348181E+01
  0.1347987E+01
  0.1347794E+01
  0.1347600E+01
  0.1347407E+01
  0.1347215E+01
  0.1347022E+01
  0.1346830E+01
  0.1346638E+01
  0.1346447E+01
  0.1346256E+01
  0.1346065E+01
  0.1345875E+01
  0.1345685E+01
  0.1345495E+01
  0.1345305E+01
  0.1345305E+01
  0.1345041E+01
  0.1344779E+01
  0.1344520E+01
  0.1344263E+01
  0.1344008E+01
  0.1343755E+01
  0.1343505E+01
  0.1343257E+01
  0.1343012E+01
  0.1342769E+01
  0.1342528E+01
  0.1342289E+01
  0.1342053E+01
  0.1341818E+01
  0.1341587E+01
  0.1341357E+01
  0.1341130E+01
  0.1340905E+01
  0.1340682E+01
  0.1340461E+01
  0.1340243E+01
  0.1340027E+01
  0.1339813E+01
  0.1339601E+01
  0.1339391E+01
  0.1339184E+01
  0.1338979E+01
  0.1338776E+01
  0.1338575E+01
  0.1338575E+01
  0.1338412E+01
  0.1338250E+01
  0.1338089E+01
  0.1337930E+01
  0.1337772E+01
  0.1337616E+01
  0.1337461E+01
  0.1337308E+01
  0.1337156E+01
  0.1337005E+01
  0.1336856E+01
  0.1336709E+01
  0.1336562E+01
  0.1336418E+01
  0.1336418E+01
  0.1336323E+01
  0.1336228E+01
  0.1336133E+01
  0.1336038E+01
  0.1335944E+01
  0.1335849E+01
  0.1335755E+01
  0.1335661E+01
  0.1335566E+01
  0.1335566E+01
  0.1335401E+01
  0.1335235E+01
  0.1335070E+01
  0.1334905E+01
  0.1334740E+01
  0.1334576E+01
  0.1334411E+01
  0.1334247E+01
  0.1334083E+01
  0.1334083E+01
  0.1333899E+01
  0.1333714E+01
