  0.7755554E-03 -0.1872696E+01 -0.1004009E+03
 -0.4014770E-02 -0.2224826E+01  0.3012082E+03
 -0.7981703E-02 -0.1168432E+01  0.3052052E+02
 -0.1058854E-01 -0.1061389E+01 -0.4233298E+03
 -0.1480599E-01 -0.2546107E+01  0.5279881E+03
 -0.1859431E-01 -0.6943278E+00 -0.5540331E+03
 -0.2248934E-01 -0.2637427E+01  0.5536929E+03
 -0.2638579E-01 -0.6954949E+00 -0.5261107E+03
 -0.3016914E-01 -0.2540689E+01  0.4156017E+03
 -0.3440557E-01 -0.1083096E+01 -0.8177908E+00
 -0.3694137E-01 -0.1085964E+01 -0.4126269E+03
 -0.4117240E-01 -0.2533144E+01  0.5160731E+03
 -0.4497924E-01 -0.7231780E+00 -0.5159672E+03
 -0.4878573E-01 -0.2532797E+01  0.4125809E+03
 -0.5301613E-01 -0.1085778E+01  0.4540475E+00
 -0.5555299E-01 -0.1084186E+01 -0.4149844E+03
 -0.5978944E-01 -0.2539615E+01  0.5257728E+03
 -0.6357167E-01 -0.6956051E+00 -0.5538423E+03
 -0.6746898E-01 -0.2638061E+01  0.5540848E+03
 -0.7136528E-01 -0.6947807E+00 -0.5262779E+03
 -0.7514765E-01 -0.2540561E+01  0.4155536E+03
 -0.7938402E-01 -0.1083117E+01 -0.1126296E+01
 -0.8192113E-01 -0.1087067E+01 -0.4118948E+03
 -0.8615165E-01 -0.2531660E+01  0.5155128E+03
 -0.8995735E-01 -0.7236346E+00 -0.5161508E+03
 -0.9376566E-01 -0.2533897E+01  0.4133174E+03
 -0.9799558E-01 -0.1084315E+01 -0.3915234E+00
 -0.1005325E+00 -0.1085688E+01 -0.4126725E+03
 -0.1047630E+00 -0.2533028E+01  0.5162709E+03
 -0.1085688E+00 -0.7223439E+00 -0.5187048E+03
 -0.1123845E+00 -0.2541540E+01  0.4258667E+03
 -0.1165809E+00 -0.1047925E+01 -0.5101819E+02
 -0.1192403E+00 -0.1226857E+01 -0.2230025E+03
 -0.1230232E+00 -0.2008969E+01 -0.1894204E+03
 -0.1284971E+00 -0.2673311E+01  0.9795127E+03
 -0.1307315E+00  0.7620708E+00 -0.1460335E+04
 -0.1349372E+00 -0.4359600E+01  0.1459889E+04
 -0.1391448E+00  0.7605734E+00 -0.9760720E+03
 -0.1413686E+00 -0.2662741E+01  0.1747786E+03
 -0.1468779E+00 -0.2049751E+01  0.2754786E+03
 -0.1505409E+00 -0.1083596E+01 -0.1389388E+03
 -0.1536442E+00 -0.1570887E+01  0.2788339E+03
 -0.1561739E+00 -0.5929510E+00 -0.9779838E+03
 -0.1615702E+00 -0.4022925E+01  0.1366523E+04
 -0.1653733E+00  0.7697936E+00 -0.1085211E+04
 -0.1680231E+00 -0.3036297E+01  0.7047001E+03
 -0.1722330E+00 -0.5647477E+00 -0.6005082E+03
 -0.1760156E+00 -0.2670843E+01  0.5658948E+03
 -0.1799401E+00 -0.6861168E+00 -0.5299524E+03
 -0.1837173E+00 -0.2544785E+01  0.4172582E+03
 -0.1879565E+00 -0.1081382E+01 -0.5853399E+00
 -0.1904874E+00 -0.1083435E+01 -0.4167216E+03
 -0.1947293E+00 -0.2544976E+01  0.5307113E+03
 -0.1985038E+00 -0.6836707E+00 -0.5674077E+03
 -0.2024288E+00 -0.2673703E+01  0.6021960E+03
 -0.2062112E+00 -0.5616598E+00 -0.7065659E+03
 -0.2104215E+00 -0.3039753E+01  0.1087164E+04
 -0.2130713E+00  0.7731369E+00 -0.1368222E+04
 -0.2168737E+00 -0.4025541E+01  0.9792267E+03
 -0.2222709E+00 -0.5911624E+00 -0.2812721E+03
 -0.2248064E+00 -0.1577637E+01  0.1502309E+03
 -0.2278792E+00 -0.1050742E+01 -0.3218348E+03
 -0.2316556E+00 -0.2179492E+01  0.2297862E+01
 -0.2367422E+00 -0.2171433E+01  0.3102803E+03
 -0.2405471E+00 -0.1083221E+01 -0.1038953E+03
 -0.2435058E+00 -0.1447606E+01  0.1029751E+03
 -0.2464683E+00 -0.1086449E+01 -0.3104637E+03
 -0.2502815E+00 -0.2175303E+01  0.8923890E+01
 -0.2553311E+00 -0.2144005E+01  0.2723469E+03
 -0.2592274E+00 -0.1188820E+01  0.3649876E+02
 -0.2618574E+00 -0.1060810E+01 -0.4209556E+03
 -0.2660637E+00 -0.2537181E+01  0.5176654E+03
 -0.2698735E+00 -0.7216066E+00 -0.5174677E+03
 -0.2736825E+00 -0.2536488E+01  0.4146651E+03
 -0.2779129E+00 -0.1082179E+01 -0.9302873E+00
 -0.2804470E+00 -0.1085442E+01 -0.4136324E+03
 -0.2846810E+00 -0.2536148E+01  0.5178157E+03
 -0.2884877E+00 -0.7200712E+00 -0.5171476E+03
 -0.2922917E+00 -0.2533830E+01  0.4131680E+03
 -0.2965222E+00 -0.1084752E+01 -0.7138104E+00
 -0.2990614E+00 -0.1087256E+01 -0.4132921E+03
 -0.3032981E+00 -0.2536749E+01  0.5249559E+03
 -0.3070770E+00 -0.6956054E+00 -0.5546587E+03
 -0.3109776E+00 -0.2640924E+01  0.5557755E+03
 -0.3148737E+00 -0.6917148E+00 -0.5274401E+03
 -0.3186537E+00 -0.2541572E+01  0.4161198E+03
 -0.3228901E+00 -0.1082142E+01 -0.2228614E+01
 -0.3254294E+00 -0.1089958E+01 -0.4104437E+03
 -0.3296608E+00 -0.2529461E+01  0.5155952E+03
 -0.3334610E+00 -0.7211473E+00 -0.5203236E+03
 -0.3372806E+00 -0.2546045E+01  0.4275343E+03
 -0.3414806E+00 -0.1046601E+01 -0.4830098E+02
 -0.3441258E+00 -0.1216004E+01 -0.2376436E+03
 -0.3479434E+00 -0.2049477E+01 -0.1394056E+03
 -0.3533069E+00 -0.2538398E+01  0.8021435E+03
 -0.3559531E+00  0.2749081E+00 -0.8029656E+03
 -0.3586027E+00 -0.2541282E+01  0.1400979E+03
 -0.3639701E+00 -0.2049925E+01  0.2389611E+03
 -0.3677833E+00 -0.1211844E+01  0.4607581E+02
 -0.3704279E+00 -0.1050245E+01 -0.4268397E+03
 -0.3746337E+00 -0.2547272E+01  0.5227550E+03
 -0.3784462E+00 -0.7138720E+00 -0.5219299E+03
 -0.3822554E+00 -0.2544403E+01  0.4264739E+03
 -0.3864559E+00 -0.1048659E+01 -0.4915537E+02
 -0.3891094E+00 -0.1221058E+01 -0.2337123E+03
 -0.3929226E+00 -0.2040731E+01 -0.1431426E+03
 -0.3982811E+00 -0.2542766E+01  0.8024602E+03
 -0.4009362E+00  0.2716514E+00 -0.8010421E+03
 -0.4035854E+00 -0.2537755E+01  0.1399260E+03
 -0.4089454E+00 -0.2047001E+01  0.2373996E+03
 -0.4127582E+00 -0.1214385E+01  0.4528588E+02
 -0.4154119E+00 -0.1055556E+01 -0.4226652E+03
 -0.4196129E+00 -0.2537923E+01  0.5187331E+03
 -0.4234201E+00 -0.7186034E+00 -0.5215377E+03
 -0.4272387E+00 -0.2547759E+01  0.4283692E+03
 -0.4314393E+00 -0.1045388E+01 -0.4865894E+02
 -0.4340831E+00 -0.1216046E+01 -0.2379303E+03
 -0.4379020E+00 -0.2050524E+01 -0.1387845E+03
 -0.4432654E+00 -0.2537267E+01  0.8017132E+03
 -0.4459107E+00  0.2745299E+00 -0.8027490E+03
 -0.4485603E+00 -0.2540900E+01  0.1396622E+03
 -0.4539287E+00 -0.2051072E+01  0.2396039E+03
 -0.4577419E+00 -0.1210736E+01  0.4570783E+02
 -0.4603854E+00 -0.1050428E+01 -0.4268943E+03
 -0.4645918E+00 -0.2547647E+01  0.5224577E+03
 -0.4684064E+00 -0.7152895E+00 -0.5189186E+03
 -0.4722066E+00 -0.2535260E+01  0.4138426E+03
 -0.4764375E+00 -0.1083816E+01 -0.1641357E+01
 -0.4789784E+00 -0.1089573E+01 -0.4120240E+03
 -0.4832153E+00 -0.2534618E+01  0.5243457E+03
 -0.4869917E+00 -0.6956144E+00 -0.5552536E+03
 -0.4908948E+00 -0.2643020E+01  0.5569977E+03
 -0.4947908E+00 -0.6895236E+00 -0.5281991E+03
 -0.4985687E+00 -0.2542043E+01  0.4161662E+03
 -0.5028061E+00 -0.1082449E+01 -0.6619766E+01
 -0.5053641E+00 -0.1105666E+01 -0.3797841E+03
 -0.5095065E+00 -0.2437658E+01  0.3860063E+03
 -0.5136234E+00 -0.1083843E+01 -0.2943086E+02
 -0.5162783E+00 -0.1187064E+01 -0.2733928E+03
 -0.5201748E+00 -0.2145904E+01 -0.1648956E+01
 -0.5251990E+00 -0.2151688E+01  0.2749170E+03
 -0.5291027E+00 -0.1187489E+01  0.3156774E+02
 -0.5317498E+00 -0.1076775E+01 -0.3907643E+03
 -0.5358697E+00 -0.2447277E+01  0.3914813E+03
 -0.5399867E+00 -0.1074260E+01 -0.4035051E+02
 -0.5426639E+00 -0.1215779E+01 -0.2354474E+03
 -0.5464719E+00 -0.2041537E+01 -0.1419901E+03
 -0.5518275E+00 -0.2539530E+01  0.7980769E+03
 -0.5544931E+00  0.2595140E+00 -0.7861695E+03
 -0.5571097E+00 -0.2497731E+01  0.8783647E+02
 -0.5625896E+00 -0.2189668E+01  0.4293766E+03
 -0.5659488E+00 -0.6837426E+00 -0.6705323E+03
 -0.5702969E+00 -0.3035458E+01  0.1112315E+04
 -0.5728335E+00  0.8656418E+00 -0.1497789E+04
 -0.5769508E+00 -0.4387456E+01  0.1468806E+04
 -0.5811869E+00  0.7639929E+00 -0.9787354E+03
 -0.5834136E+00 -0.2668617E+01  0.1878764E+03
 -0.5888829E+00 -0.2009690E+01  0.2215207E+03
 -0.5926735E+00 -0.1232765E+01  0.5500295E+02
 -0.5953304E+00 -0.1039859E+01 -0.4298579E+03
 -0.5995243E+00 -0.2547472E+01  0.5237962E+03
 -0.6033330E+00 -0.7103955E+00 -0.5305164E+03
 -0.6071692E+00 -0.2571041E+01  0.4574538E+03
 -0.6113050E+00 -0.9666648E+00 -0.1524819E+03
 -0.6141904E+00  0.0000000E+00  0.0000000E+00
 -0.5930730E+00 -0.1199264E+01  0.1667368E+02
 -0.5980239E+00 -0.1091141E+01 -0.5002055E+02
 -0.6034422E+00 -0.1415510E+01  0.2007049E+01
 -0.6095335E+00 -0.1402495E+01  0.4387753E+02
 -0.6149816E+00 -0.1117961E+01  0.1142326E+00
 -0.6198131E+00 -0.1117221E+01 -0.4338716E+02
 -0.6252511E+00 -0.1398573E+01 -0.5120740E+01
 -0.6313692E+00 -0.1431779E+01  0.6191738E+02
 -0.6366910E+00 -0.1030265E+01 -0.6104290E+02
 -0.6420007E+00 -0.1426111E+01  0.7332190E+00
 -0.6481556E+00 -0.1421357E+01  0.6011509E+02
 -0.6534577E+00 -0.1031527E+01 -0.6368272E+02
 -0.6588098E+00 -0.1444489E+01  0.1608673E+02
 -0.6648290E+00 -0.1340171E+01  0.3780390E+00
 -0.6706175E+00 -0.1337720E+01 -0.1967437E+02
 -0.6766764E+00 -0.1465302E+01  0.8041244E+02
 -0.6818839E+00 -0.9438492E+00 -0.1245539E+03
 -0.6877102E+00 -0.1751541E+01  0.5978197E+02
 -0.6944443E+00 -0.1363874E+01  0.6604938E+02
 -0.6994147E+00 -0.9355621E+00 -0.1466122E+03
 -0.7055144E+00 -0.1886296E+01  0.1635116E+03
 -0.7113771E+00 -0.8259671E+00 -0.1505708E+03
 -0.7170584E+00 -0.1802370E+01  0.8191981E+02
 -0.7237021E+00 -0.1271143E+01  0.1851914E+00
 -0.7291948E+00 -0.1269942E+01 -0.8154617E+02
 -0.7358279E+00 -0.1798743E+01  0.1476155E+03
 -0.7415350E+00 -0.8414962E+00 -0.1521457E+03
 -0.7473055E+00 -0.1828112E+01  0.1042093E+03
 -0.7537480E+00 -0.1152343E+01 -0.8749267E+02
 -0.7599561E+00 -0.1719705E+01  0.6738636E+02
 -0.7664460E+00 -0.1282726E+01 -0.1316593E+01
 -0.7720099E+00 -0.1291264E+01 -0.6451091E+02
 -0.7784964E+00 -0.1709596E+01  0.8223461E+02
 -0.7847346E+00 -0.1176327E+01 -0.8732420E+02
 -0.7910440E+00 -0.1742597E+01  0.8997484E+02
 -0.7973163E+00 -0.1159135E+01 -0.9551124E+02
 -0.8036662E+00 -0.1778494E+01  0.1137631E+03
 -0.8097602E+00 -0.1040777E+01 -0.1787356E+03
 -0.8167650E+00 -0.2199828E+01  0.2395863E+03
 -0.8229169E+00 -0.6461877E+00 -0.2384535E+03
 -0.8290529E+00 -0.2192494E+01  0.1730616E+03
 -0.8361055E+00 -0.1070245E+01 -0.9344106E+02
 -0.8420421E+00 -0.1676180E+01  0.2248570E+02
 -0.8489733E+00 -0.1530367E+01  0.8691924E+00
 -0.8555770E+00 -0.1524730E+01 -0.2331338E+02
 -0.8624955E+00 -0.1675911E+01  0.8971522E+02
 -0.8684831E+00 -0.1094136E+01 -0.1546814E+03
 -0.8753813E+00 -0.2097196E+01  0.1713085E+03
 -0.8820466E+00 -0.9863070E+00 -0.1742186E+03
 -0.8887525E+00 -0.2116059E+01  0.1692454E+03
 -0.8955282E+00 -0.1018549E+01 -0.1464706E+03
 -0.9019846E+00 -0.1968364E+01  0.6035936E+02
 -0.9096481E+00 -0.1576950E+01  0.8175142E+02
 -0.9153195E+00 -0.1046818E+01 -0.2064268E+03
 -0.9227385E+00 -0.2385430E+01  0.2067923E+03
 -0.9301524E+00 -0.1044438E+01 -0.8502201E+02
 -0.9358594E+00 -0.1595779E+01 -0.4334051E+02
 -0.9433657E+00 -0.1876830E+01  0.7592895E+02
 -0.9504152E+00 -0.1384455E+01 -0.7938446E+02
 -0.9575131E+00 -0.1899238E+01  0.6357200E+02
 -0.9648327E+00 -0.1486991E+01  0.1642485E+01
 -0.9712381E+00 -0.1476340E+01 -0.6713301E+02
 -0.9785616E+00 -0.1911679E+01  0.8432582E+02
 -0.9856440E+00 -0.1364853E+01 -0.8758155E+02
 -0.9927721E+00 -0.1932796E+01  0.8339308E+02
 -0.9999589E+00 -0.1392018E+01 -0.6492254E+02
 -0.1006887E+01 -0.1813020E+01 -0.1662246E+01
 -0.1014748E+01 -0.1823799E+01  0.6842969E+02
 -0.1021673E+01 -0.1380055E+01 -0.8935624E+02
 -0.1028892E+01 -0.1959506E+01  0.1062759E+03
 -0.1035874E+01 -0.1270340E+01 -0.1546232E+03
 -0.1043533E+01 -0.2273022E+01  0.1547778E+03
 -0.1051190E+01 -0.1269330E+01 -0.1086774E+03
 -0.1058201E+01 -0.1974069E+01  0.1036729E+03
 -0.1065282E+01 -0.1301778E+01 -0.1297827E+03
 -0.1072729E+01 -0.2143377E+01  0.5970982E+02
 -0.1081158E+01 -0.1756175E+01  0.6712973E+02
 -0.1087809E+01 -0.1320860E+01 -0.1470252E+03
 -0.1095580E+01 -0.2274272E+01  0.1636126E+03
 -0.1103119E+01 -0.1213288E+01 -0.1517768E+03
 -0.1110491E+01 -0.2197512E+01  0.8786318E+02
 -0.1118760E+01 -0.1627744E+01 -0.2360792E+02
 -0.1126128E+01 -0.1780834E+01  0.8294374E+01
 -0.1133710E+01 -0.1727047E+01 -0.7795853E+01
 -0.1141286E+01 -0.1777601E+01  0.1935371E+02
 -0.1148699E+01 -0.1652099E+01 -0.6605927E+02
 -0.1156768E+01 -0.2080475E+01  0.6176685E+02
 -0.1164896E+01 -0.1679937E+01  0.3134885E+00
 -0.1172154E+01 -0.1677904E+01 -0.6118651E+02
 -0.1180266E+01 -0.2074682E+01  0.6124283E+02
 -0.1188376E+01 -0.1677541E+01 -0.5685519E+00
 -0.1195636E+01 -0.1681228E+01 -0.6267369E+02
 -0.1203783E+01 -0.2087647E+01  0.7545707E+02
 -0.1211751E+01 -0.1598329E+01 -0.6337555E+02
 -0.1219549E+01 -0.2009299E+01  0.3795984E+00
 -0.1228230E+01 -0.2006837E+01  0.6377809E+02
 -0.1236012E+01 -0.1593254E+01 -0.7978814E+02
 -0.1244018E+01 -0.2110654E+01  0.7969275E+02
 -0.1252026E+01 -0.1593869E+01 -0.6332915E+02
 -0.1259804E+01 -0.2004538E+01 -0.3979149E+01
 -0.1268525E+01 -0.2030341E+01  0.8122909E+02
 -0.1276164E+01 -0.1503593E+01 -0.1453592E+03
 -0.1284702E+01 -0.2446201E+01  0.1451161E+03
 -0.1293243E+01 -0.1505162E+01 -0.8004538E+02
 -0.1300872E+01 -0.2024231E+01 -0.4390204E+00
 -0.1309629E+01 -0.2027078E+01  0.7774440E+02
 -0.1317303E+01 -0.1522930E+01 -0.1289804E+03
 -0.1325695E+01 -0.2359327E+01  0.8117901E+02
 -0.1334756E+01 -0.1832903E+01 -0.2033745E+02
 -0.1342965E+01 -0.1964785E+01  0.4331374E+01
 -0.1351399E+01 -0.1936697E+01 -0.1175657E+01
 -0.1359788E+01 -0.1944321E+01  0.2458411E+01
 -0.1368159E+01 -0.1928379E+01 -0.6518577E+01
 -0.1376587E+01 -0.1970650E+01  0.1935046E+02
 -0.1384835E+01 -0.1845169E+01 -0.6659087E+02
 -0.1393745E+01 -0.2276992E+01  0.6316125E+02
 -0.1402704E+01 -0.1867412E+01 -0.2172909E+01
 -0.1410807E+01 -0.1881503E+01 -0.5884211E+02
 -0.1419766E+01 -0.2263075E+01  0.6018496E+02
 -0.1428706E+01 -0.1872795E+01 -0.1283530E+00
 -0.1436804E+01 -0.1873627E+01 -0.6412495E+02
 -0.1445803E+01 -0.2289457E+01  0.8157276E+02
 -0.1454557E+01 -0.1760480E+01 -0.8714084E+02
 -0.1463389E+01 -0.2325560E+01  0.8970120E+02
 -0.1472186E+01 -0.1743877E+01 -0.8982590E+02
 -0.1480984E+01 -0.2326373E+01  0.8548029E+02
 -0.1489843E+01 -0.1772061E+01 -0.6794206E+02
 -0.1498456E+01 -0.2212647E+01  0.2110296E+01
 -0.1507992E+01 -0.2198962E+01  0.6181630E+02
 -0.1516632E+01 -0.1798103E+01 -0.6746851E+02
 -0.1525351E+01 -0.2235618E+01  0.2379663E+02
 -0.1534682E+01 -0.2081304E+01 -0.2296136E+02
 -0.1544002E+01 -0.2230202E+01  0.6326508E+02
 -0.1552757E+01 -0.1819949E+01 -0.4575104E+02
 -0.1561266E+01 -0.2116632E+01 -0.6463494E+02
 -0.1571322E+01 -0.2535769E+01  0.1271676E+03
 -0.1580502E+01 -0.1711127E+01 -0.8249317E+02
 -0.1589056E+01 -0.2246073E+01  0.1834632E+02
 -0.1598509E+01 -0.2127103E+01  0.1406250E+02
 -0.1607508E+01 -0.2035911E+01 -0.7957954E+02
 -0.1617425E+01 -0.2551959E+01  0.1272036E+03
 -0.1626674E+01 -0.1727085E+01 -0.6762080E+02
 -0.1635088E+01 -0.2165587E+01 -0.4132305E+02
 -0.1645030E+01 -0.2433554E+01  0.5847637E+02
 -0.1654731E+01 -0.2054351E+01 -0.1817688E+02
 -0.1663867E+01 -0.2172222E+01  0.1938782E+02
 -0.1672986E+01 -0.2046497E+01 -0.6456118E+02
 -0.1682738E+01 -0.2465156E+01  0.6190641E+02
 -0.1692527E+01 -0.2063713E+01 -0.8837653E+00
 -0.1701461E+01 -0.2069444E+01 -0.6364605E+02
 -0.1711300E+01 -0.2482168E+01  0.8123651E+02
 -0.1720892E+01 -0.1955371E+01 -0.8710125E+02
 -0.1730566E+01 -0.2520195E+01  0.9029170E+02
 -0.1740196E+01 -0.1934682E+01 -0.9180966E+02
 -0.1749847E+01 -0.2530043E+01  0.9199053E+02
 -0.1759495E+01 -0.1933514E+01 -0.9116210E+02
 -0.1769132E+01 -0.2524675E+01  0.8764148E+02
 -0.1778818E+01 -0.1956348E+01 -0.7435364E+02
 -0.1788317E+01 -0.2438511E+01  0.2469609E+02
 -0.1798513E+01 -0.2278365E+01 -0.2166620E+02
 -0.1808667E+01 -0.2418863E+01  0.6479446E+02
 -0.1818215E+01 -0.1998689E+01 -0.6361477E+02
 -0.1827748E+01 -0.2411210E+01  0.1579558E+02
 -0.1837950E+01 -0.2308780E+01 -0.5265244E+01
 -0.1848005E+01  0.0000000E+00  0.0000000E+00
 -0.5813032E+00  0.7568726E+00  0.1887751E+03
 -0.5792732E+00  0.1312442E+01 -0.5663253E+03
 -0.5783332E+00 -0.3542663E+00  0.1559246E+03
 -0.5785781E+00  0.1046233E+00 -0.5737305E+02
 -0.5785385E+00 -0.6422689E-01  0.7356761E+02
 -0.5784521E+00  0.1522843E+00 -0.2368974E+03
 -0.5788373E+00 -0.5449102E+00  0.8740219E+03
 -0.5773830E+00  0.2027356E+01 -0.1338589E+04
 -0.5772700E+00 -0.1912141E+01  0.6391307E+03
 -0.5791764E+00 -0.3116515E-01  0.7026677E+03
 -0.5772088E+00  0.2036802E+01 -0.1529200E+04
 -0.5776276E+00 -0.2463669E+01  0.1572929E+04
 -0.5779201E+00  0.2165498E+01 -0.9213138E+03
 -0.5763313E+00 -0.5459497E+00  0.1917248E+03
 -0.5768489E+00  0.1830075E-01  0.1544147E+03
 -0.5763672E+00  0.4727467E+00 -0.8093835E+03
 -0.5777765E+00 -0.1909288E+01  0.1162518E+04
 -0.5781662E+00  0.1512030E+01  0.5144233E+00
 -0.5751981E+00  0.1513544E+01 -0.1164576E+04
 -0.5755907E+00 -0.1913830E+01  0.8165855E+03
 -0.5769881E+00  0.4894003E+00 -0.1811647E+03
 -0.5765509E+00 -0.4377161E-01 -0.9192665E+02
 -0.5769022E+00 -0.3143139E+00  0.5488713E+03
 -0.5759343E+00  0.1301027E+01 -0.1829571E+03
 -0.5739098E+00  0.0000000E+00  0.0000000E+00
 -0.5776226E+00  0.3466279E+00  0.3236548E+03
 -0.5756037E+00  0.1442381E+01 -0.9709645E+03
 -0.5760579E+00 -0.1844877E+01  0.1030679E+04
 -0.5762840E+00  0.1644500E+01 -0.6158520E+03
 -0.5749253E+00 -0.4405033E+00  0.1648224E+03
 -0.5752898E+00  0.1175128E+00 -0.4343763E+02
 -0.5751905E+00 -0.2954789E-01  0.8928117E+01
 -0.5752231E+00  0.6787796E-03  0.1443193E+01
 -0.5752160E+00  0.5564728E-02 -0.2136755E+01
 -0.5752116E+00 -0.1669383E-02  0.8217800E+00
 -0.5752123E+00  0.1112803E-02 -0.1150365E+01
 -0.5752142E+00 -0.2781828E-02  0.3779681E+01
 -0.5752060E+00  0.1001451E-01 -0.1396836E+02
 -0.5752368E+00 -0.3727621E-01  0.4581256E+02
 -0.5751459E+00  0.1178228E+00 -0.1567146E+03
 -0.5754787E+00 -0.4127440E+00  0.5747638E+03
 -0.5742143E+00  0.1533153E+01 -0.8807256E+03
 -0.5741189E+00 -0.1448596E+01  0.4249086E+03
 -0.5757650E+00 -0.1004260E-01  0.4364364E+03
 -0.5741202E+00  0.1467518E+01 -0.8964448E+03
 -0.5742330E+00 -0.1567449E+01  0.6198245E+03
 -0.5754026E+00  0.5310040E+00 -0.3212382E+03
 -0.5754315E+00 -0.5565671E+00  0.6651283E+03
 -0.5741464E+00  0.1695264E+01 -0.1083934E+04
 -0.5744614E+00 -0.1974406E+01  0.1159829E+04
 -0.5744864E+00  0.1952265E+01 -0.1038424E+04
 -0.5740476E+00 -0.1563382E+01  0.4706370E+03
 -0.5757780E+00  0.2998794E-01  0.4174914E+03
 -0.5741152E+00  0.1443430E+01 -0.8852586E+03
 -0.5742396E+00 -0.1553624E+01  0.6127803E+03
 -0.5754050E+00  0.5209800E+00 -0.3105175E+03
 -0.5754155E+00 -0.5302956E+00  0.6292898E+03
 -0.5742081E+00  0.1600203E+01 -0.9450267E+03
 -0.5742070E+00 -0.1599242E+01  0.6275867E+03
 -0.5754187E+00  0.5254906E+00 -0.3099892E+03
 -0.5754170E+00 -0.5239817E+00  0.6249126E+03
 -0.5742121E+00  0.1591697E+01 -0.9343304E+03
 -0.5741893E+00 -0.1571534E+01  0.5891788E+03
 -0.5754853E+00  0.4231658E+00 -0.1607696E+03
 -0.5751444E+00 -0.1211294E+00  0.4761763E+02
 -0.5752359E+00  0.4008070E-01 -0.1713352E+02
 -0.5752109E+00 -0.1792585E-01  0.1463526E+02
 -0.5751954E+00  0.3162270E-01 -0.4140753E+02
 -0.5752823E+00 -0.1085650E+00  0.1509949E+03
 -0.5749504E+00  0.4026371E+00 -0.5688648E+03
 -0.5762150E+00 -0.1523262E+01  0.8753737E+03
 -0.5763086E+00  0.1440368E+01 -0.4156789E+03
 -0.5746458E+00  0.3306247E-01 -0.4742733E+03
 -0.5763832E+00 -0.1572618E+01  0.1051157E+04
 -0.5759165E+00  0.1986136E+01 -0.1207124E+04
 -0.5760458E+00 -0.2100654E+01  0.1247819E+04
 -0.5760196E+00  0.2123852E+01 -0.1248235E+04
 -0.5759951E+00 -0.2102122E+01  0.1215600E+04
 -0.5760952E+00  0.2013364E+01 -0.1090935E+04
 -0.5757191E+00 -0.1680062E+01  0.6249104E+03
 -0.5771235E+00  0.4356096E+00 -0.1533897E+03
 -0.5767264E+00 -0.8369326E-01  0.1237022E+01
 -0.5769105E+00 -0.7950525E-01  0.1421388E+03
 -0.5765469E+00  0.4017143E+00 -0.5697924E+03
 -0.5778172E+00 -0.1527352E+01  0.8754157E+03
 -0.5779198E+00  0.1436420E+01 -0.4149335E+03
 -0.5762631E+00  0.3165743E-01 -0.4647264E+03
 -0.5779672E+00 -0.1541701E+01  0.1005912E+04
 -0.5776036E+00  0.1863875E+01 -0.1035693E+04
 -0.5773538E+00 -0.1642526E+01  0.6136301E+03
 -0.5787166E+00  0.4349555E+00 -0.1635286E+03
 -0.5783597E+00 -0.1186727E+00  0.5310722E+02
 -0.5784246E+00  0.6112496E-01 -0.5522045E+02
 -0.5784976E+00 -0.1258272E+00  0.1677746E+03
 -0.5781406E+00  0.4421837E+00 -0.6158779E+03
 -0.5794957E+00 -0.1642908E+01  0.1034122E+04
 -0.5792527E+00  0.1858174E+01 -0.1003702E+04
 -0.5788935E+00 -0.1539871E+01  0.4700192E+03
 -0.5805733E+00  0.5140700E-01  0.3789140E+03
 -0.5790096E+00  0.1334243E+01 -0.7240601E+03
 -0.5787645E+00 -0.1117106E+01 -0.5903765E+01
 -0.5813084E+00 -0.1137093E+01  0.7413296E+03
 -0.5810425E+00  0.1372687E+01 -0.4234283E+03
 -0.5795621E+00 -0.6085461E-01 -0.3155798E+03
 -0.5809052E+00 -0.1129269E+01  0.4241324E+03
 -0.5818335E+00  0.3066568E+00 -0.1193348E+03
 -0.5815973E+00 -0.9735837E-01  0.4685478E+02
 -0.5816381E+00  0.6126908E-01 -0.5537663E+02
 -0.5817113E+00 -0.1262118E+00  0.1683001E+03
 -0.5813532E+00  0.4435781E+00 -0.6178237E+03
 -0.5827125E+00 -0.1648101E+01  0.1041380E+04
 -0.5824536E+00  0.1877552E+01 -0.1030822E+04
 -0.5821543E+00 -0.1612309E+01  0.5713116E+03
 -0.5836105E+00  0.3219000E+00  0.8298322E+00
 -0.5828808E+00  0.3247094E+00 -0.5746309E+03
 -0.5843434E+00 -0.1620738E+01  0.1036079E+04
 -0.5840429E+00  0.1886969E+01 -0.1046454E+04
 -0.5837821E+00 -0.1655864E+01  0.6201168E+03
 -0.5851502E+00  0.4435494E+00 -0.1595805E+03
 -0.5847588E+00 -0.9671995E-01  0.1182975E+02
 -0.5849319E+00 -0.5666962E-01  0.1122615E+03
 -0.5846309E+00  0.3233984E+00 -0.4608758E+03
 -0.5856619E+00 -0.1236924E+01  0.4632195E+03
 -0.5866838E+00  0.3313114E+00 -0.1175454E+03
 -0.5863852E+00 -0.6664542E-01  0.5658492E+00
 -0.5865334E+00 -0.6472971E-01  0.1152820E+03
 -0.5862391E+00  0.3255642E+00 -0.4616937E+03
 -0.5872682E+00 -0.1237527E+01  0.4634530E+03
 -0.5882907E+00  0.3314987E+00 -0.1176263E+03
 -0.5879919E+00 -0.6673214E-01  0.6385846E+00
 -0.5881401E+00 -0.6457017E-01  0.1150720E+03
 -0.5878462E+00  0.3250128E+00 -0.4609264E+03
 -0.5888736E+00 -0.1235481E+01  0.4670187E+03
 -0.5898779E+00  0.3456386E+00 -0.1519732E+03
 -0.5896784E+00 -0.1688687E+00  0.1537435E+03
 -0.5894721E+00  0.3516391E+00 -0.4694429E+03
 -0.5904720E+00 -0.1237688E+01  0.4624129E+03
 -0.5914988E+00  0.3278388E+00 -0.1185938E+03
 -0.5912120E+00 -0.7366759E-01  0.5504064E+01
 -0.5913572E+00 -0.5503351E-01  0.1094929E+03
 -0.5910631E+00  0.3156613E+00 -0.4499324E+03
 -0.5920697E+00 -0.1207612E+01  0.4286217E+03
 -0.5931577E+00  0.2435126E+00 -0.2939386E+01
 -0.5926193E+00  0.2335612E+00 -0.4233481E+03
 -0.5937096E+00 -0.1199689E+01  0.4476374E+03
 -0.5947070E+00  0.3158140E+00 -0.1120585E+03
 -0.5944224E+00 -0.6356673E-01  0.5965626E+00
 -0.5945636E+00 -0.6154704E-01  0.1096722E+03
 -0.5942835E+00  0.3097549E+00 -0.4457867E+03
 -0.5952875E+00 -0.1199462E+01  0.4248137E+03
 -0.5963717E+00  0.2387705E+00  0.1656818E+01
 -0.5958264E+00  0.2443797E+00 -0.4314410E+03
 -0.5969232E+00 -0.1216289E+01  0.4624920E+03
 -0.5979014E+00  0.3495047E+00 -0.1569118E+03
 -0.5977121E+00 -0.1817295E+00  0.1586296E+03
 -0.5975162E+00  0.3553132E+00 -0.4645404E+03
 -0.5984891E+00 -0.1217416E+01  0.4313893E+03
 -0.5995886E+00  0.2430781E+00  0.5983520E+00
 -0.5990377E+00  0.2451038E+00 -0.4337827E+03
 -0.6001419E+00 -0.1223493E+01  0.4663525E+03
 -0.6011216E+00  0.3553487E+00 -0.1568541E+03
 -0.6009188E+00 -0.1756901E+00  0.1545097E+03
 -0.6007250E+00  0.3474117E+00 -0.4611847E+03
 -0.6017029E+00 -0.1213957E+01  0.4286139E+03
 -0.6028053E+00  0.2371415E+00  0.1766606E+01
 -0.6022633E+00  0.2431224E+00 -0.4225196E+03
 -0.6033289E+00 -0.1187343E+01  0.4201134E+03
 -0.6044036E+00  0.2349762E+00  0.3680930E+01
 -0.6038592E+00  0.2474382E+00 -0.4348372E+03
 -0.6049621E+00 -0.1224729E+01  0.4674351E+03
 -0.6059405E+00  0.3577785E+00 -0.1600248E+03
 -0.6057444E+00 -0.1839951E+00  0.1660574E+03
 -0.6055252E+00  0.3782021E+00 -0.5042048E+03
 -0.6065980E+00 -0.1328813E+01  0.5891468E+03
 -0.6073462E+00  0.6657782E+00 -0.5907673E+03
 -0.6081007E+00 -0.1334300E+01  0.5056544E+03
 -0.6091803E+00  0.3775996E+00 -0.1568989E+03
 -0.6089275E+00 -0.1535910E+00  0.1153002E+03
 -0.6088336E+00  0.2367646E+00 -0.3043018E+03
 -0.6094619E+00 -0.7934673E+00 -0.1597080E+03
 -0.6118630E+00 -0.1334168E+01  0.9364578E+03
 -0.6112964E+00  0.1836221E+01 -0.1049457E+04
 -0.6111616E+00 -0.1716777E+01  0.7314562E+03
 -0.6122418E+00  0.7596119E+00 -0.6147530E+03
 -0.6128761E+00 -0.1321671E+01  0.4659408E+03
 -0.6140789E+00  0.2557993E+00  0.5904997E+01
 -0.6134790E+00  0.2757908E+00 -0.4761541E+03
 -0.6146758E+00 -0.1336257E+01  0.6303898E+03
 -0.6152833E+00  0.7979651E+00 -0.7837902E+03
 -0.6164768E+00 -0.1855603E+01  0.1243156E+04
 -0.6159153E+00  0.2353175E+01 -0.1672341E+04
 -0.6169935E+00 -0.3308557E+01  0.1674689E+04
 -0.6180626E+00  0.2361201E+01 -0.1248295E+04
 -0.6175026E+00 -0.1864975E+01  0.7952604E+03
 -0.6186735E+00  0.8274264E+00 -0.6711319E+03
 -0.6193701E+00 -0.1444731E+01  0.6276520E+03
 -0.6202329E+00  0.6802227E+00 -0.5846422E+03
 -0.6209313E+00 -0.1299091E+01  0.4628079E+03
 -0.6220951E+00  0.2677728E+00 -0.1174781E+02
 -0.6215356E+00  0.2279999E+00 -0.4158166E+03
 -0.6226097E+00 -0.1179772E+01  0.4133993E+03
 -0.6236931E+00  0.2198158E+00  0.1702921E+02
 -0.6231319E+00  0.2774684E+00 -0.4678981E+03
 -0.6242933E+00 -0.1306628E+01  0.5861367E+03
 -0.6250030E+00  0.6777723E+00 -0.6150337E+03
 -0.6258231E+00 -0.1404461E+01  0.6123830E+03
 -0.6266533E+00  0.6687981E+00 -0.5797345E+03
 -0.6273587E+00 -0.1293900E+01  0.4585867E+03
 -0.6285270E+00  0.2586725E+00  0.1588745E+00
 -0.6279425E+00  0.2592104E+00 -0.4592222E+03
 -0.6291120E+00 -0.1295514E+01  0.5751150E+03
 -0.6298387E+00  0.6515723E+00 -0.5796228E+03
 -0.6305827E+00 -0.1310775E+01  0.4748620E+03
 -0.6317268E+00  0.2968759E+00 -0.4438466E+02
 -0.6312264E+00  0.1466090E+00 -0.3042100E+03
 -0.6320578E+00 -0.8833120E+00 -0.3905343E+00
 -0.6340529E+00 -0.8846341E+00  0.3057721E+03
 -0.6348813E+00  0.1505755E+00  0.3198865E+02
 -0.6344192E+00  0.2588735E+00 -0.4198619E+03
 -0.6354391E+00 -0.1162594E+01  0.3789104E+03
 -0.6366154E+00  0.1202297E+00  0.1658354E+03
 -0.6357105E+00  0.6816753E+00 -0.1042252E+04
 -0.6381540E+00 -0.2846931E+01  0.1472965E+04
 -0.6389520E+00  0.2139809E+01 -0.1050691E+04
 -0.6381367E+00 -0.1417367E+01  0.1995993E+03
 -0.6405732E+00 -0.7416122E+00  0.2522938E+03
 -0.6412831E+00  0.1125433E+00  0.5284077E+02
 -0.6408272E+00  0.2914389E+00 -0.4706678E+03
 -0.6419676E+00 -0.1302013E+01  0.5821856E+03
 -0.6426820E+00  0.6690113E+00 -0.6034582E+03
 -0.6434776E+00 -0.1374032E+01  0.5700320E+03
 -0.6444009E+00  0.5558449E+00 -0.4150546E+03
 -0.6447322E+00 -0.8493473E+00 -0.1714285E+03
 -0.6473041E+00 -0.1429729E+01  0.1093710E+04
 -0.6463525E+00  0.2273040E+01 -0.1665961E+04
 -0.6475872E+00 -0.3367172E+01  0.1778221E+04
 -0.6483931E+00  0.2653101E+01 -0.1662076E+04
 -0.6487552E+00 -0.2973958E+01  0.1085240E+04
 -0.6513212E+00  0.7001860E+00 -0.1627554E+03
 -0.6503626E+00  0.1491755E+00 -0.4200160E+03
 -0.6516307E+00 -0.1272814E+01  0.5740911E+03
 -0.6523101E+00  0.6708059E+00 -0.6147332E+03
 -0.6531447E+00 -0.1410410E+01  0.6232267E+03
 -0.6539469E+00  0.6995610E+00 -0.6237090E+03
 -0.6547509E+00 -0.1412013E+01  0.6242345E+03
 -0.6555529E+00  0.7013695E+00 -0.6187556E+03
 -0.6563340E+00 -0.1393465E+01  0.5891730E+03
 -0.6572280E+00  0.6012158E+00 -0.4763214E+03
 -0.6576909E+00 -0.1011399E+01  0.4729199E+02
 -0.6597930E+00 -0.8512911E+00  0.3015457E+03
 -0.6605623E+00  0.1696099E+00  0.9574580E+00
 -0.6601758E+00  0.1728515E+00 -0.3053756E+03
 -0.6609524E+00 -0.8610157E+00 -0.4107026E+02
 -0.6630527E+00 -0.1000062E+01  0.4696566E+03
 -0.6635154E+00  0.5899889E+00 -0.5831972E+03
 -0.6644120E+00 -0.1384433E+01  0.6159708E+03
 -0.6651833E+00  0.7009734E+00 -0.6263173E+03
 -0.6659941E+00 -0.1419461E+01  0.6276834E+03
 -0.6667997E+00  0.7055982E+00 -0.6228010E+03
 -0.6675867E+00 -0.1402932E+01  0.5946052E+03
 -0.6684814E+00  0.6101115E+00 -0.4793638E+03
 -0.6689358E+00 -0.1012803E+01  0.5394402E+02
 -0.6710156E+00 -0.8301723E+00  0.2635877E+03
 -0.6718823E+00  0.6221944E-01  0.1533203E+03
 -0.6711561E+00  0.5812946E+00 -0.8842214E+03
 -0.6732223E+00 -0.2412248E+01  0.8749432E+03
 -0.6753240E+00  0.5499244E+00 -0.9965090E+02
 -0.6744635E+00  0.2125503E+00 -0.4763396E+03
 -0.6758037E+00 -0.1400126E+01  0.7433941E+03
 -0.6761236E+00  0.1116679E+01 -0.1235622E+04
 -0.6783241E+00 -0.3066591E+01  0.1668448E+04
 -0.6788710E+00  0.2581961E+01 -0.1638365E+04
 -0.6793031E+00 -0.2964821E+01  0.1092758E+04
 -0.6818197E+00  0.7347774E+00 -0.2094383E+03
 -0.6809615E+00  0.2571155E-01 -0.2550052E+03
 -0.6818778E+00 -0.8376236E+00 -0.3962527E+02
 -0.6839197E+00 -0.9717754E+00  0.4284189E+03
 -0.6844762E+00  0.4786622E+00 -0.4198820E+03
 -0.6850000E+00 -0.9428733E+00 -0.1050601E+02
 -0.6871683E+00 -0.9784420E+00  0.4619060E+03
 -0.6876119E+00  0.5853683E+00 -0.5830224E+03
 -0.6885182E+00 -0.1388461E+01  0.6235485E+03
 -0.6892696E+00  0.7225994E+00 -0.6570660E+03
 -0.6901491E+00 -0.1501937E+01  0.7431004E+03
 -0.6906999E+00  0.1013874E+01 -0.1053720E+04
 -0.6924374E+00 -0.2553559E+01  0.9409654E+03
 -0.6946058E+00  0.6320908E+00 -0.1716846E+03
 -0.6938351E+00  0.5084246E-01 -0.2617893E+03
 -0.6947206E+00 -0.8354607E+00 -0.4277348E+02
 -0.6967697E+00 -0.9802728E+00  0.4328832E+03
 -0.6973283E+00  0.4852789E+00 -0.4271441E+03
 -0.6978650E+00 -0.9608429E+00  0.6433344E+01
 -0.7000090E+00 -0.9390627E+00  0.4166775E+03
 -0.7005365E+00  0.4716239E+00 -0.4191498E+03
 -0.7010735E+00 -0.9474328E+00 -0.1693302E+01
 -0.7032184E+00 -0.9531656E+00  0.4259230E+03
 -0.7037424E+00  0.4888222E+00 -0.4480760E+03
 -0.7043510E+00 -0.1028145E+01  0.1201065E+03
 -0.7062127E+00 -0.6215171E+00 -0.4003549E+02
 -0.7077684E+00  0.0000000E+00  0.0000000E+00
 -0.7051933E+00 -0.1062076E+01 -0.2878778E+03
 -0.7075669E+00 -0.1782670E+01  0.8636335E+03
 -0.7087379E+00  0.3791113E+00 -0.4509833E+02
 -0.7081995E+00  0.2662247E+00 -0.6832402E+03
 -0.7091822E+00 -0.1444010E+01 -0.3627475E+03
 -0.7123494E+00 -0.2351995E+01  0.2172601E+04
 -0.7117368E+00  0.3086294E+01 -0.2103704E+04
 -0.7109802E+00 -0.2179538E+01 -0.8996328E+00
 -0.7146192E+00 -0.2181789E+01  0.2107303E+04
 -0.7138588E+00  0.3093050E+01 -0.2185196E+04
 -0.7132612E+00 -0.2376766E+01  0.3903652E+03
 -0.7164121E+00 -0.1399633E+01  0.6237351E+03
 -0.7174450E+00  0.1616528E+00  0.2362525E+03
 -0.7166819E+00  0.7530219E+00 -0.1568745E+04
 -0.7187017E+00 -0.3173741E+01  0.2897770E+04
 -0.7179458E+00  0.4079598E+01 -0.3740070E+04
 -0.7189493E+00 -0.5282259E+01  0.2678416E+04
 -0.7221701E+00  0.1422147E+01 -0.7304770E+03
 -0.7213225E+00 -0.4063276E+00  0.2434923E+03
 -0.7214920E+00  0.0000000E+00  0.0000000E+00
 -0.2688338E+00  0.3242101E-02 -0.2655690E+01
 -0.2688378E+00 -0.6484203E-02  0.7967071E+01
 -0.2688180E+00  0.2269471E-01 -0.3153234E+02
 -0.2689036E+00 -0.9278910E-01  0.1227986E+03
 -0.2685811E+00  0.3569534E+00 -0.4619812E+03
 -0.2697751E+00 -0.1335025E+01  0.7285581E+03
 -0.2697772E+00  0.1333275E+01 -0.4614320E+03
 -0.2685850E+00 -0.3566697E+00  0.1252104E+03
 -0.2688960E+00  0.1019056E+00 -0.4173679E+02
 -0.2688338E+00  0.0000000E+00  0.0000000E+00
 -0.1454216E+01 -0.5084429E+00 -0.6156817E+03
 -0.1456729E+01 -0.2213836E+01  0.1847087E+04
 -0.1456094E+01  0.2902372E+01 -0.2107123E+04
 -0.1456123E+01 -0.2934203E+01  0.1916038E+04
 -0.1456641E+01  0.2372992E+01 -0.8914809E+03
 -0.1454539E+01 -0.9634469E-01 -0.7118316E+03
 -0.1456538E+01 -0.2068032E+01  0.1493150E+04
 -0.1456538E+01  0.2067883E+01 -0.7115097E+03
 -0.1454539E+01  0.9708775E-01 -0.8927685E+03
 -0.1456643E+01 -0.2375815E+01  0.1920867E+04
 -0.1456117E+01  0.2944754E+01 -0.2125150E+04
 -0.1456115E+01 -0.2941754E+01  0.1914368E+04
 -0.1456651E+01  0.2360813E+01 -0.8667721E+03
 -0.1454508E+01 -0.4008146E-01 -0.8089982E+03
 -0.1456651E+01 -0.2280909E+01  0.1857099E+04
 -0.1456114E+01  0.2863120E+01 -0.2070171E+04
 -0.1456121E+01 -0.2871005E+01  0.1874179E+04
 -0.1456629E+01  0.2320333E+01 -0.8483112E+03
 -0.1454514E+01 -0.2942680E-01 -0.8136165E+03
 -0.1456649E+01 -0.2283046E+01  0.1857111E+04
 -0.1456116E+01  0.2861015E+01 -0.2065601E+04
 -0.1456115E+01 -0.2860449E+01  0.1855884E+04
 -0.1456651E+01  0.2280213E+01 -0.8087064E+03
 -0.1454508E+01  0.4019371E-01 -0.8667235E+03
 -0.1456651E+01 -0.2360566E+01  0.1913882E+04
 -0.1456115E+01  0.2940654E+01 -0.2123254E+04
 -0.1456115E+01 -0.2940602E+01  0.1913768E+04
 -0.1456651E+01  0.2360305E+01 -0.8662709E+03
 -0.1454508E+01 -0.3920119E-01 -0.8104037E+03
 -0.1456653E+01 -0.2283922E+01  0.1862220E+04
 -0.1456108E+01  0.2874292E+01 -0.2089250E+04
 -0.1456143E+01 -0.2912679E+01  0.1945372E+04
 -0.1456547E+01  0.2475857E+01 -0.1143015E+04
 -0.1454898E+01 -0.6901579E+00  0.3809965E+03
 -0.1455198E+01  0.0000000E+00  0.0000000E+00
 -0.6890219E+00 -0.6970097E+00  0.1085494E+04
 -0.6885744E+00  0.1394019E+01 -0.3256483E+04
 -0.6908122E+00 -0.4879068E+01  0.5091539E+04
 -0.6907801E+00  0.4928958E+01 -0.3411876E+04
 -0.6886705E+00 -0.1643470E+01  0.1707068E+04
 -0.6886696E+00  0.1644921E+01 -0.3375446E+04
 -0.6907324E+00 -0.4857488E+01  0.4864532E+04
 -0.6909535E+00  0.4513246E+01 -0.2344057E+04
 -0.6880569E+00 -0.2201481E-02 -0.2337200E+04
 -0.6909507E+00 -0.4504440E+01  0.4843961E+04
 -0.6907437E+00  0.4826667E+01 -0.3340848E+04
 -0.6886776E+00 -0.1608936E+01  0.1670533E+04
 -0.6886775E+00  0.1609076E+01 -0.3341285E+04
 -0.6907440E+00 -0.4827369E+01  0.4845709E+04
 -0.6909497E+00  0.4507105E+01 -0.2343753E+04
 -0.6880606E+00 -0.7756237E-02 -0.2319595E+04
 -0.6909397E+00 -0.4476080E+01  0.4814185E+04
 -0.6907331E+00  0.4797894E+01 -0.3321968E+04
 -0.6886805E+00 -0.1601340E+01  0.1665755E+04
 -0.6886766E+00  0.1607467E+01 -0.3341050E+04
 -0.6907449E+00 -0.4828526E+01  0.4849549E+04
 -0.6909472E+00  0.4513345E+01 -0.2359349E+04
 -0.6880694E+00 -0.3155941E-01 -0.2261050E+04
 -0.6909067E+00 -0.4387107E+01  0.4554653E+04
 -0.6909070E+00  0.4386694E+01 -0.2259765E+04
 -0.6880686E+00  0.3362297E-01 -0.2364491E+04
 -0.6909502E+00 -0.4521186E+01  0.4868831E+04
 -0.6907340E+00  0.4857829E+01 -0.3372208E+04
 -0.6886667E+00 -0.1638343E+01  0.1689818E+04
 -0.6886805E+00  0.1616817E+01 -0.3346111E+04
 -0.6907430E+00 -0.4828925E+01  0.4845730E+04
 -0.6909506E+00  0.4505589E+01 -0.2339012E+04
 -0.6880576E+00 -0.1387365E-03 -0.2338580E+04
 -0.6909505E+00 -0.4505034E+01  0.4844434E+04
 -0.6907437E+00  0.4826983E+01 -0.3341358E+04
 -0.6886778E+00 -0.1609603E+01  0.1672101E+04
 -0.6886766E+00  0.1611428E+01 -0.3347044E+04
 -0.6907473E+00 -0.4836111E+01  0.4867179E+04
 -0.6909376E+00  0.4539721E+01 -0.2383082E+04
 -0.6880552E+00 -0.5101306E-01 -0.2265155E+04
 -0.6909226E+00 -0.4414467E+01  0.4635766E+04
 -0.6908577E+00  0.4515586E+01 -0.2580112E+04
 -0.6882500E+00 -0.4545831E+00 -0.1164214E+04
 -0.6902739E+00 -0.2697253E+01  0.3880714E+03
 -0.6932577E+00  0.0000000E+00  0.0000000E+00
  0.1280220E+00 -0.1413150E+01 -0.2188486E+03
  0.1255034E+00 -0.1910645E+01  0.6565458E+03
  0.1237388E+00 -0.4181603E+00  0.1760241E+04
  0.1261371E+00  0.3583286E+01 -0.3525407E+04
  0.1254951E+00 -0.4430636E+01  0.3996719E+04
  0.1256650E+00  0.4654857E+01 -0.4121767E+04
  0.1256195E+00 -0.4714901E+01  0.4155199E+04
  0.1256316E+00  0.4730856E+01 -0.4163878E+04
  0.1256287E+00 -0.4734631E+01  0.4165164E+04
  0.1256280E+00  0.4733778E+01 -0.4161627E+04
  0.1256335E+00 -0.4726590E+01  0.4150723E+04
  0.1256200E+00  0.4708797E+01 -0.4114665E+04
  0.1256685E+00 -0.4644816E+01  0.3977318E+04
  0.1254804E+00  0.4396575E+01 -0.3459457E+04
  0.1261843E+00 -0.3467593E+01  0.1525357E+04
  0.1235567E+00 -0.9308135E-04  0.1525603E+04
  0.1261845E+00  0.3467966E+01 -0.3460194E+04
  0.1254798E+00 -0.4397878E+01  0.3980021E+04
  0.1256706E+00  0.4649656E+01 -0.4120206E+04
  0.1256201E+00 -0.4716359E+01  0.4156075E+04
  0.1256315E+00  0.4731389E+01 -0.4164409E+04
  0.1256285E+00 -0.4735304E+01  0.4166409E+04
  0.1256290E+00  0.4735936E+01 -0.4166077E+04
  0.1256300E+00 -0.4734550E+01  0.4162749E+04
  0.1256253E+00  0.4728371E+01 -0.4149769E+04
  0.1256430E+00 -0.4705043E+01  0.4105708E+04
  0.1255846E+00  0.4628015E+01 -0.3946464E+04
  0.1258004E+00 -0.4343238E+01  0.3349531E+04
  0.1249880E+00  0.3271045E+01 -0.1116510E+04
  0.1280220E+00  0.0000000E+00  0.0000000E+00
  0.1250813E+00 -0.1554038E-01  0.2087768E+02
  0.1250863E+00  0.2350228E-01 -0.6263092E+02
  0.1250425E+00 -0.9362472E-01  0.2458642E+03
  0.1252124E+00  0.3661579E+00 -0.9289315E+03
  0.1245861E+00 -0.1371007E+01  0.3469862E+04
  0.1269217E+00  0.5117869E+01 -0.5472800E+04
  0.1269223E+00 -0.5116894E+01  0.3466732E+04
  0.1245842E+00  0.1366130E+01 -0.9164132E+03
  0.1252191E+00 -0.3476249E+00  0.1908198E+03
  0.1250082E+00  0.9229954E-02  0.1693204E+03
  0.1252171E+00  0.3258705E+00 -0.8762157E+03
  0.1246019E+00 -0.1312712E+01  0.3335542E+04
  0.1268536E+00  0.4924977E+01 -0.4988254E+04
  0.1271786E+00 -0.4403629E+01  0.1662807E+04
  0.1236269E+00  0.0000000E+00  0.0000000E+00
  0.0000000E+00 -0.2824625E-13  0.1723065E-09
  0.4630417E-17  0.5649251E-13 -0.5168534E-09
 -0.1852255E-16 -0.1977157E-12  0.1895355E-08
  0.6945670E-16  0.7344026E-12 -0.7063658E-08
 -0.2593158E-15 -0.2739773E-11  0.2636266E-07
  0.9677634E-15  0.1022514E-10 -0.9837436E-07
 -0.3611898E-14 -0.3815911E-10  0.3671819E-06
  0.1347923E-13  0.1424176E-09 -0.1370177E-05
 -0.5030726E-13 -0.5314877E-09  0.5114184E-05
  0.1877415E-12  0.0000000E+00  0.0000000E+00
 -0.5414295E-12  0.4481074E-08 -0.9049870E-05
  0.1450758E-12 -0.1200698E-08  0.2424957E-05
 -0.3885499E-13  0.3218748E-09 -0.6508677E-06
  0.1034919E-13 -0.8675902E-10  0.1782655E-06
 -0.2541763E-14  0.2516129E-10 -0.6219402E-07
 -0.1825336E-15 -0.1388887E-10  0.7053389E-07
  0.3271679E-14  0.3039437E-10 -0.2199372E-06
 -0.1290418E-13 -0.1076886E-09  0.8091320E-06
  0.4834674E-13  0.4003462E-09 -0.3016894E-05
 -0.1804765E-12  0.0000000E+00  0.0000000E+00
 -0.1267592E-12  0.5383884E-09 -0.2697800E-18
  0.1267592E-12  0.5383884E-09 -0.4573430E-05
 -0.3802775E-12  0.0000000E+00  0.0000000E+00
